<?xml version="1.0" encoding="UTF-8"?>
<testsuite xmlns:xsi="http://www.w3.org/2001/XMLSchema-instance" xsi:noNamespaceSchemaLocation="https://maven.apache.org/surefire/maven-surefire-plugin/xsd/surefire-test-report-3.0.xsd" version="3.0" name="com.mediscreen.assessment.AssessmentApplicationTests" time="3.245" tests="4" errors="0" skipped="0" failures="0">
  <properties>
[...]
</properties>
  <testcase name="calculateKeyWordPresence" classname="com.mediscreen.assessment.AssessmentApplicationTests" time="0.495">
    <system-out><![CDATA[22:16:36.451 [main] INFO org.springframework.test.context.support.AnnotationConfigContextLoaderUtils -- Could not detect default configuration classes for test class [com.mediscreen.assessment.AssessmentApplicationTests]: AssessmentApplicationTests does not declare any static, non-private, non-final, nested classes annotated with @Configuration.
22:16:36.569 [main] INFO org.springframework.boot.test.context.SpringBootTestContextBootstrapper -- Found @SpringBootConfiguration com.mediscreen.assessment.AssessmentApplication for test class com.mediscreen.assessment.AssessmentApplicationTests

  .   ____          _            __ _ _
 /\\ / ___'_ __ _ _(_)_ __  __ _ \ \ \ \
( ( )\___ | '_ | '_| | '_ \/ _` | \ \ \ \
 \\/  ___)| |_)| | | | | || (_| |  ) ) ) )
  '  |____| .__|_| |_|_| |_\__, | / / / /
 =========|_|==============|___/=/_/_/_/
 :: Spring Boot ::                (v3.1.0)

2023-06-19T22:16:37.196+02:00  WARN 13820 --- [           main] ory$DuplicateJsonObjectContextCustomizer : 

Found multiple occurrences of org.json.JSONObject on the class path:

	jar:file:/C:/Users/aimem/.m2/repository/com/vaadin/external/google/android-json/0.0.20131108.vaadin1/android-json-0.0.20131108.vaadin1.jar!/org/json/JSONObject.class
	jar:file:/C:/Users/aimem/.m2/repository/org/json/json/20230227/json-20230227.jar!/org/json/JSONObject.class

You may wish to exclude one of them to ensure predictable runtime behavior

2023-06-19T22:16:37.228+02:00  INFO 13820 --- [           main] c.m.a.AssessmentApplicationTests         : Starting AssessmentApplicationTests using Java 17.0.7 with PID 13820 (started by aimem in C:\Users\aimem\git\assessment)
2023-06-19T22:16:37.230+02:00  INFO 13820 --- [           main] c.m.a.AssessmentApplicationTests         : No active profile set, falling back to 1 default profile: "default"
2023-06-19T22:16:38.091+02:00  INFO 13820 --- [           main] o.s.cloud.context.scope.GenericScope     : BeanFactory id=8a07c8b1-220e-3ca1-b94a-5ce033ef16cd
2023-06-19T22:16:38.991+02:00  INFO 13820 --- [           main] c.m.a.AssessmentApplicationTests         : Started AssessmentApplicationTests in 2.205 seconds (process running for 3.296)
]]></system-out>
  </testcase>
  <testcase name="assessmentLessThan30" classname="com.mediscreen.assessment.AssessmentApplicationTests" time="0.005">
    <system-out><![CDATA[2023-06-19T22:16:39.511+02:00  INFO 13820 --- [           main] c.m.a.services.AssessmentService         : None - Moins de 30 ans
2023-06-19T22:16:39.513+02:00  INFO 13820 --- [           main] c.m.a.services.AssessmentService         : In Danger - Moins de 30 ans
2023-06-19T22:16:39.513+02:00  INFO 13820 --- [           main] c.m.a.services.AssessmentService         : Early onset - Moins de 30 ans
2023-06-19T22:16:39.513+02:00  INFO 13820 --- [           main] c.m.a.services.AssessmentService         : In Danger - Moins de 30 ans
2023-06-19T22:16:39.513+02:00  INFO 13820 --- [           main] c.m.a.services.AssessmentService         : Early onset - Moins de 30 ans
]]></system-out>
  </testcase>
  <testcase name="contextLoads" classname="com.mediscreen.assessment.AssessmentApplicationTests" time="0.003"/>
  <testcase name="assessmentMoreThan30" classname="com.mediscreen.assessment.AssessmentApplicationTests" time="0.003">
    <system-out><![CDATA[2023-06-19T22:16:39.521+02:00  INFO 13820 --- [           main] c.m.a.services.AssessmentService         : None - Plus de 30 ans
2023-06-19T22:16:39.521+02:00  INFO 13820 --- [           main] c.m.a.services.AssessmentService         : Borderline - Plus de 30 ans
2023-06-19T22:16:39.521+02:00  INFO 13820 --- [           main] c.m.a.services.AssessmentService         : In Danger - Plus de 30 ans
2023-06-19T22:16:39.521+02:00  INFO 13820 --- [           main] c.m.a.services.AssessmentService         : Early onset - Plus de 30 ans
]]></system-out>
  </testcase>
</testsuite>